# JRE version: Java(TM) SE Runtime Environment (17.0.12+8) (build 17.0.12+8-LTS-286)
# Java VM: Java HotSpot(TM) 64-Bit Server VM (17.0.12+8-LTS-286, mixed mode, sharing, tiered, compressed oops, compressed class ptrs, g1 gc, windows-amd64)
GC Precious Log:
 CPUs: 4 total, 4 available
 Memory: 7863M
 Large Page Support: Disabled
 NUMA Support: Disabled
 Compressed Oops: Enabled (32-bit)
 Heap Region Size: 1M
 Heap Min Capacity: 8M
 Heap Initial Capacity: 124M
 Heap Max Capacity: 1966M
 Pre-touch: Disabled
 Parallel Workers: 4
 Concurrent Workers: 1
 Concurrent Refinement Workers: 4
 Periodic GC: Disabled
Heap:
 garbage-first heap   total 82944K, used 32691K [0x0000000085200000, 0x0000000100000000)
  region size 1024K, 12 young (12288K), 3 survivors (3072K)
 Metaspace       used 60388K, committed 60928K, reserved 1114112K
  class space    used 8212K, committed 8448K, reserved 1048576K
GC Heap History (20 events):
Event: 6.524 GC heap before
{Heap before GC invocations=5 (full 0):
 garbage-first heap   total 51200K, used 37227K [0x0000000085200000, 0x0000000100000000)
  region size 1024K, 30 young (30720K), 7 survivors (7168K)
 Metaspace       used 25391K, committed 25792K, reserved 1114112K
  class space    used 3246K, committed 3456K, reserved 1048576K
}
Event: 6.549 GC heap after
{Heap after GC invocations=6 (full 0):
 garbage-first heap   total 51200K, used 16362K [0x0000000085200000, 0x0000000100000000)
  region size 1024K, 3 young (3072K), 3 survivors (3072K)
 Metaspace       used 25391K, committed 25792K, reserved 1114112K
  class space    used 3246K, committed 3456K, reserved 1048576K
}
Event: 6.623 GC heap before
{Heap before GC invocations=6 (full 0):
 garbage-first heap   total 51200K, used 17386K [0x0000000085200000, 0x0000000100000000)
  region size 1024K, 4 young (4096K), 3 survivors (3072K)
 Metaspace       used 25549K, committed 25920K, reserved 1114112K
  class space    used 3270K, committed 3456K, reserved 1048576K
}
Event: 6.632 GC heap after
{Heap after GC invocations=7 (full 0):
 garbage-first heap   total 51200K, used 16435K [0x0000000085200000, 0x0000000100000000)
  region size 1024K, 1 young (1024K), 1 survivors (1024K)
 Metaspace       used 25549K, committed 25920K, reserved 1114112K
  class space    used 3270K, committed 3456K, reserved 1048576K
}
Event: 7.717 GC heap before
{Heap before GC invocations=7 (full 0):
 garbage-first heap   total 51200K, used 35891K [0x0000000085200000, 0x0000000100000000)
  region size 1024K, 20 young (20480K), 1 survivors (1024K)
 Metaspace       used 29390K, committed 29824K, reserved 1114112K
  class space    used 3779K, committed 4032K, reserved 1048576K
}
Event: 7.723 GC heap after
{Heap after GC invocations=8 (full 0):
 garbage-first heap   total 51200K, used 17539K [0x0000000085200000, 0x0000000100000000)
  region size 1024K, 2 young (2048K), 2 survivors (2048K)
 Metaspace       used 29390K, committed 29824K, reserved 1114112K
  class space    used 3779K, committed 4032K, reserved 1048576K
}
Event: 8.792 GC heap before
{Heap before GC invocations=8 (full 0):
 garbage-first heap   total 51200K, used 36995K [0x0000000085200000, 0x0000000100000000)
  region size 1024K, 21 young (21504K), 2 survivors (2048K)
 Metaspace       used 34088K, committed 34560K, reserved 1114112K
  class space    used 4467K, committed 4672K, reserved 1048576K
}
Event: 8.797 GC heap after
{Heap after GC invocations=9 (full 0):
 garbage-first heap   total 51200K, used 18524K [0x0000000085200000, 0x0000000100000000)
  region size 1024K, 3 young (3072K), 3 survivors (3072K)
 Metaspace       used 34088K, committed 34560K, reserved 1114112K
  class space    used 4467K, committed 4672K, reserved 1048576K
}
Event: 9.184 GC heap before
{Heap before GC invocations=9 (full 0):
 garbage-first heap   total 51200K, used 24668K [0x0000000085200000, 0x0000000100000000)
  region size 1024K, 10 young (10240K), 3 survivors (3072K)
 Metaspace       used 35509K, committed 35968K, reserved 1114112K
  class space    used 4742K, committed 4928K, reserved 1048576K
}
Event: 9.188 GC heap after
{Heap after GC invocations=10 (full 0):
 garbage-first heap   total 51200K, used 18949K [0x0000000085200000, 0x0000000100000000)
  region size 1024K, 2 young (2048K), 2 survivors (2048K)
 Metaspace       used 35509K, committed 35968K, reserved 1114112K
  class space    used 4742K, committed 4928K, reserved 1048576K
}
Event: 10.362 GC heap before
{Heap before GC invocations=11 (full 0):
 garbage-first heap   total 51200K, used 37381K [0x0000000085200000, 0x0000000100000000)
  region size 1024K, 21 young (21504K), 2 survivors (2048K)
 Metaspace       used 44015K, committed 44480K, reserved 1114112K
  class space    used 5804K, committed 6016K, reserved 1048576K
}
Event: 10.366 GC heap after
{Heap after GC invocations=12 (full 0):
 garbage-first heap   total 51200K, used 21041K [0x0000000085200000, 0x0000000100000000)
  region size 1024K, 3 young (3072K), 3 survivors (3072K)
 Metaspace       used 44015K, committed 44480K, reserved 1114112K
  class space    used 5804K, committed 6016K, reserved 1048576K
}
Event: 10.422 GC heap before
{Heap before GC invocations=12 (full 0):
 garbage-first heap   total 51200K, used 22065K [0x0000000085200000, 0x0000000100000000)
  region size 1024K, 4 young (4096K), 3 survivors (3072K)
 Metaspace       used 44150K, committed 44608K, reserved 1114112K
  class space    used 5823K, committed 6080K, reserved 1048576K
}
Event: 10.427 GC heap after
{Heap after GC invocations=13 (full 0):
 garbage-first heap   total 51200K, used 21127K [0x0000000085200000, 0x0000000100000000)
  region size 1024K, 1 young (1024K), 1 survivors (1024K)
 Metaspace       used 44150K, committed 44608K, reserved 1114112K
  class space    used 5823K, committed 6080K, reserved 1048576K
}
Event: 11.523 GC heap before
{Heap before GC invocations=13 (full 0):
 garbage-first heap   total 51200K, used 37511K [0x0000000085200000, 0x0000000100000000)
  region size 1024K, 18 young (18432K), 1 survivors (1024K)
 Metaspace       used 47523K, committed 48000K, reserved 1114112K
  class space    used 6261K, committed 6464K, reserved 1048576K
}
Event: 11.526 GC heap after
{Heap after GC invocations=14 (full 0):
 garbage-first heap   total 82944K, used 21842K [0x0000000085200000, 0x0000000100000000)
  region size 1024K, 2 young (2048K), 2 survivors (2048K)
 Metaspace       used 47523K, committed 48000K, reserved 1114112K
  class space    used 6261K, committed 6464K, reserved 1048576K
}
Event: 13.654 GC heap before
{Heap before GC invocations=14 (full 0):
 garbage-first heap   total 82944K, used 60754K [0x0000000085200000, 0x0000000100000000)
  region size 1024K, 41 young (41984K), 2 survivors (2048K)
 Metaspace       used 58327K, committed 58880K, reserved 1114112K
  class space    used 7870K, committed 8128K, reserved 1048576K
}
Event: 13.659 GC heap after
{Heap after GC invocations=15 (full 0):
 garbage-first heap   total 82944K, used 23958K [0x0000000085200000, 0x0000000100000000)
  region size 1024K, 4 young (4096K), 4 survivors (4096K)
 Metaspace       used 58327K, committed 58880K, reserved 1114112K
  class space    used 7870K, committed 8128K, reserved 1048576K
}
Event: 14.393 GC heap before
{Heap before GC invocations=15 (full 0):
 garbage-first heap   total 82944K, used 29078K [0x0000000085200000, 0x0000000100000000)
  region size 1024K, 10 young (10240K), 4 survivors (4096K)
 Metaspace       used 59764K, committed 60288K, reserved 1114112K
  class space    used 8051K, committed 8256K, reserved 1048576K
}
Event: 14.401 GC heap after
{Heap after GC invocations=16 (full 0):
 garbage-first heap   total 82944K, used 24499K [0x0000000085200000, 0x0000000100000000)
  region size 1024K, 3 young (3072K), 3 survivors (3072K)
 Metaspace       used 59764K, committed 60288K, reserved 1114112K
  class space    used 8051K, committed 8256K, reserved 1048576K
}

